number,value,datetime_start,datetime_complete,duration,params_colsample_bytree,params_gamma,params_learning_rate,params_max_depth,params_min_child_weight,params_n_estimators,params_reg_alpha,params_reg_lambda,params_subsample,state
94,0.9082944571678816,2025-10-16 23:45:06.989493,2025-10-16 23:45:11.085330,0 days 00:00:04.095837,0.6139605837397024,0.3961761861547899,0.1400128710829996,6,2,190,6.494314575540268,1.8338749752000996,0.9335526282623711,COMPLETE
95,0.908170183885941,2025-10-16 23:45:11.118715,2025-10-16 23:45:16.393691,0 days 00:00:05.274976,0.6152707060413978,0.3403354185499916,0.11658434550050865,7,2,190,7.109271406644466,1.7068272000756481,0.9349000588108127,COMPLETE
96,0.9081635471837737,2025-10-16 23:45:16.418371,2025-10-16 23:45:21.770405,0 days 00:00:05.352034,0.6179384048911347,0.08358206051804767,0.1163321665240154,7,2,190,6.957242605204955,1.8164010734988476,0.9364100634946392,COMPLETE
97,0.9081885944448527,2025-10-16 23:45:21.797688,2025-10-16 23:45:26.894293,0 days 00:00:05.096605,0.618880418397566,0.10279827035138267,0.10483456133953703,7,2,191,7.011960150894938,1.845959503870896,0.9507519864210032,COMPLETE
98,0.9081274448676957,2025-10-16 23:45:26.923333,2025-10-16 23:45:31.248867,0 days 00:00:04.325534,0.6185782375004739,0.07386639298946887,0.11657097538847054,7,2,211,6.960672485212671,2.02641466983132,0.9463300116362975,COMPLETE
99,0.9078380954198358,2025-10-16 23:45:31.273531,2025-10-16 23:45:35.969650,0 days 00:00:04.696119,0.656745960005586,0.09550905736435589,0.10851224801837436,8,2,194,7.187466590473383,1.7702984172779785,0.9337915153206839,COMPLETE
