number,value,datetime_start,datetime_complete,duration,params_colsample_bytree,params_gamma,params_learning_rate,params_max_depth,params_min_child_weight,params_n_estimators,params_reg_alpha,params_reg_lambda,params_subsample,state
0,0.9048617222331881,2025-10-16 23:39:23.859555,2025-10-16 23:39:27.686040,0 days 00:00:03.826485,0.9342419272387341,0.6970636484046216,0.2242819651133254,8,6,118,2.325225563130716,1.9255377105311466,0.6515229465885833,COMPLETE
1,0.8957336610263958,2025-10-16 23:39:27.718071,2025-10-16 23:39:31.103734,0 days 00:00:03.385663,0.7718069716907889,1.1205754052775707,0.012065323884285769,6,3,151,5.1028396548864565,5.354450630634701,0.9111124835285682,COMPLETE
2,0.8997765858817417,2025-10-16 23:39:31.128550,2025-10-16 23:39:33.081238,0 days 00:00:01.952688,0.9126596075900234,2.868178250582878,0.02004025759426568,10,6,52,1.0987296958629234,6.109336391923771,0.6890964179105178,COMPLETE
3,0.9068727303878104,2025-10-16 23:39:33.108603,2025-10-16 23:39:36.616672,0 days 00:00:03.508069,0.7601137330844671,2.6637277048288572,0.2690399238338525,5,7,208,2.7605940932807513,0.1543238500255073,0.7276397636114336,COMPLETE
4,0.9080441444093517,2025-10-16 23:39:36.645104,2025-10-16 23:39:40.905736,0 days 00:00:04.260632,0.9350189046809516,0.5271891856112015,0.0757940323482431,6,5,232,8.402421971198539,2.591878979932255,0.834327305547961,COMPLETE
5,0.9074605256029722,2025-10-16 23:39:40.929810,2025-10-16 23:39:43.699119,0 days 00:00:02.769309,0.9596864329230672,4.362382572838165,0.0982101382694295,7,1,146,4.730859298288729,8.51575741409907,0.938287037454051,COMPLETE
6,0.9077356338483782,2025-10-16 23:39:43.722665,2025-10-16 23:39:47.367265,0 days 00:00:03.644600,0.8338881104391389,2.663311694519239,0.23063764054771208,8,2,277,7.861464266086633,8.39498746279935,0.8796520024380821,COMPLETE
7,0.9065095722242743,2025-10-16 23:39:47.394590,2025-10-16 23:39:51.232943,0 days 00:00:03.838353,0.6595647734447082,2.4693912971001772,0.11777007101939545,10,3,150,1.8997335930884796,0.873622810443303,0.6500279118134915,COMPLETE
8,0.9051657538633104,2025-10-16 23:39:51.258283,2025-10-16 23:39:53.924590,0 days 00:00:02.666307,0.653767199263018,2.1847697655013154,0.10164916888238239,3,4,187,4.153927202230139,2.8225350033392935,0.6325827462299426,COMPLETE
9,0.9051785498510906,2025-10-16 23:39:53.949013,2025-10-16 23:39:57.996536,0 days 00:00:04.047523,0.8730222603772733,4.739926880076003,0.24856819773934846,9,3,268,0.2562907905216194,5.370715863353221,0.6189253399091202,COMPLETE
10,0.9077845735387052,2025-10-16 23:39:58.023933,2025-10-16 23:40:01.562107,0 days 00:00:03.538174,0.9885313417493959,0.30123650777951133,0.1680699189981097,4,10,230,9.890352072275059,3.3829200033367792,0.8125264095201497,COMPLETE
11,0.9077712431271857,2025-10-16 23:40:01.585723,2025-10-16 23:40:05.427419,0 days 00:00:03.841696,0.9991498081892786,0.27475652375936455,0.1700092222167925,4,10,234,9.895962781136745,3.6095873925847486,0.8080235093300654,COMPLETE
12,0.9078361380101898,2025-10-16 23:40:05.462529,2025-10-16 23:40:09.684937,0 days 00:00:04.222408,0.9941193983056952,1.3709768053003262,0.16427830581421135,5,9,236,9.574425317351041,3.427880688946744,0.8111976841414206,COMPLETE
13,0.9078724417185136,2025-10-16 23:40:09.712308,2025-10-16 23:40:14.513620,0 days 00:00:04.801312,0.8845680869946244,1.4273374997370314,0.0611993133528515,6,9,295,7.7123514300270415,1.9478835418662106,0.9948566266123336,COMPLETE
14,0.9079385564466229,2025-10-16 23:40:14.538458,2025-10-16 23:40:21.065156,0 days 00:00:06.526698,0.8714626097591697,1.5475196670673657,0.05882829019796242,6,8,298,7.318753674660791,1.4218014483621997,0.9738878284040784,COMPLETE
15,0.9073774068795272,2025-10-16 23:40:21.091247,2025-10-16 23:40:26.723824,0 days 00:00:05.632577,0.8283245918745223,3.7110613497893796,0.06003779373447062,7,8,266,7.104063444172319,1.393204552585027,0.9907258539320067,COMPLETE
16,0.9076845210097204,2025-10-16 23:40:26.751769,2025-10-16 23:40:32.867607,0 days 00:00:06.115838,0.7232210916341874,1.8516371408222172,0.056582610994450874,5,5,297,6.527415191944543,6.549255821746218,0.8692276286068619,COMPLETE
17,0.907119463605629,2025-10-16 23:40:32.892074,2025-10-16 23:40:37.385941,0 days 00:00:04.493867,0.8682859232116321,0.6712191665766215,0.12357942288816716,8,7,197,8.303070896112565,4.085459611416072,0.7390641404220113,COMPLETE
18,0.9071549995361412,2025-10-16 23:40:37.414007,2025-10-16 23:40:41.980087,0 days 00:00:04.566080,0.9318208171579155,0.010395162398207147,0.04018970927574607,6,5,249,6.302767191551627,0.36914784864780326,0.9530739910771001,COMPLETE
19,0.9078771194629457,2025-10-16 23:40:42.007544,2025-10-16 23:40:45.573742,0 days 00:00:03.566198,0.8202061939856123,3.344209302555397,0.08745120389851212,7,7,213,8.737834348857918,2.4999482088065768,0.8581075161472909,COMPLETE
20,0.9078002370306922,2025-10-16 23:40:45.597969,2025-10-16 23:40:49.393461,0 days 00:00:03.795492,0.6119646548291919,1.9768130075476975,0.14329756961176252,4,8,264,6.206551630698344,9.899322442125598,0.7557948425699789,COMPLETE
21,0.9077935800867657,2025-10-16 23:40:49.420371,2025-10-16 23:40:53.104611,0 days 00:00:03.684240,0.8100197763514502,3.643714357249293,0.0839364394347678,7,7,215,8.778028534315105,2.414653216670644,0.8617730595201027,COMPLETE
22,0.9077913932982178,2025-10-16 23:40:53.132313,2025-10-16 23:40:56.883905,0 days 00:00:03.751592,0.8997076121277089,3.448317909524177,0.07925308903843932,6,8,213,8.399400294244549,1.0455506873258742,0.8414537951691718,COMPLETE
23,0.9060140269495804,2025-10-16 23:40:56.909595,2025-10-16 23:41:00.737989,0 days 00:00:03.828394,0.845934847987229,0.9388629228758238,0.035977206166701386,7,6,179,9.064175555866928,2.499749317597079,0.9072586192772294,COMPLETE
24,0.9067062173418187,2025-10-16 23:41:00.762601,2025-10-16 23:41:02.781216,0 days 00:00:02.018615,0.78529078612372,3.268377873705758,0.12664560947713602,5,4,99,7.508837336291738,4.405909467004033,0.7595056780015401,COMPLETE
25,0.9072339291748719,2025-10-16 23:41:02.805224,2025-10-16 23:41:07.018038,0 days 00:00:04.212814,0.9557871613408188,1.5985584304870888,0.191643802178055,9,7,246,5.571202041616421,1.643229408498466,0.9462447163083922,COMPLETE
26,0.9076289737309221,2025-10-16 23:41:07.051393,2025-10-16 23:41:10.196941,0 days 00:00:03.145548,0.7338949342326935,3.1290808272390436,0.08098229946043073,6,9,165,6.983204020066885,4.656769887138055,0.8462700979822423,COMPLETE
27,0.907254339602995,2025-10-16 23:41:10.225515,2025-10-16 23:41:13.769081,0 days 00:00:03.543566,0.8542373556621313,4.229747771333091,0.2970544805546824,8,5,288,9.243369795587299,2.973307398957374,0.7753737566231443,COMPLETE
28,0.9072608787121574,2025-10-16 23:41:13.796886,2025-10-16 23:41:18.376709,0 days 00:00:04.579823,0.8104908944730804,2.1838111364143327,0.04036843233880515,7,8,219,8.328901720516559,0.8417812427452405,0.8902092596776598,COMPLETE
29,0.9056439494542886,2025-10-16 23:41:18.400912,2025-10-16 23:41:21.532568,0 days 00:00:03.131656,0.921879312488093,0.6910475398060475,0.196391271357474,8,6,129,4.0773696541334505,2.107056954422682,0.6949787393704295,COMPLETE
30,0.9075398308249423,2025-10-16 23:41:21.556769,2025-10-16 23:41:25.882579,0 days 00:00:04.325810,0.9506958900695357,1.1155054916993494,0.10492374047900785,9,4,253,5.737061116313496,1.6613670528086795,0.9701677643700455,COMPLETE
31,0.9078564527581301,2025-10-16 23:41:25.907006,2025-10-16 23:41:30.691475,0 days 00:00:04.784469,0.8912596476507916,1.7087710691807374,0.058664700839550124,6,9,300,7.810206973578513,2.0249024756126284,0.9767505389676666,COMPLETE
32,0.9080606844155363,2025-10-16 23:41:30.716125,2025-10-16 23:41:35.491551,0 days 00:00:04.775426,0.8843653785826038,1.3527114371911384,0.06149592797234966,6,9,279,7.228842469079875,2.451978659343432,0.9156960854775031,COMPLETE
33,0.8988021699009421,2025-10-16 23:41:35.516170,2025-10-16 23:41:40.255540,0 days 00:00:04.739370,0.9179564769871216,0.9589598651006739,0.013652266896643978,5,7,274,6.910089023547023,3.927569847966726,0.9239343048714159,COMPLETE
34,0.90656456276836,2025-10-16 23:41:40.280130,2025-10-16 23:41:45.342458,0 days 00:00:05.062328,0.859166697484672,1.3256158392206752,0.030446879378547655,6,10,281,8.86848563810442,0.013295628072916621,0.9107954843298559,COMPLETE
35,0.9079851967080284,2025-10-16 23:41:45.366372,2025-10-16 23:41:49.436403,0 days 00:00:04.070031,0.9008600521932236,0.4369885538396321,0.07893552519928318,7,8,199,8.28515443677491,5.266358657545823,0.8477745885075884,COMPLETE
36,0.907205972882368,2025-10-16 23:41:49.460990,2025-10-16 23:41:52.743350,0 days 00:00:03.282360,0.8989877577255356,0.29222279119243044,0.07249544275985706,5,6,195,7.289372670853747,6.364431153043736,0.8323253878487545,COMPLETE
37,0.9058184730851675,2025-10-16 23:41:52.767813,2025-10-16 23:41:54.275397,0 days 00:00:01.507584,0.9501527360273117,0.5282010695591312,0.1395774710609891,6,8,52,4.992164904739336,7.081455589893681,0.8901737426654961,COMPLETE
38,0.9076627851227622,2025-10-16 23:41:54.302836,2025-10-16 23:41:59.325690,0 days 00:00:05.022854,0.9124011645902168,0.02728252066672565,0.09753290926583114,8,9,165,3.36416994617034,5.934100494506004,0.9284466565884674,COMPLETE
39,0.9053348781165116,2025-10-16 23:41:59.350471,2025-10-16 23:42:06.479015,0 days 00:00:07.128544,0.8758436006143329,0.9767598578323072,0.021593626564715362,7,10,259,7.9712728677253715,4.97470894668597,0.783983312951672,COMPLETE
40,0.9026616878110433,2025-10-16 23:42:06.504758,2025-10-16 23:42:11.044446,0 days 00:00:04.539688,0.9742800640861222,1.2404576106975993,0.04736469329415506,3,8,227,5.915687302684182,7.399348093015447,0.9608289071927814,COMPLETE
41,0.9079834496604569,2025-10-16 23:42:11.071105,2025-10-16 23:42:14.565474,0 days 00:00:03.494369,0.8201073174961024,2.8722654104650815,0.09217895074184711,7,7,195,8.5016809532039,3.0024795793888965,0.8579703478298447,COMPLETE
42,0.9079761976608486,2025-10-16 23:42:14.591579,2025-10-16 23:42:18.118194,0 days 00:00:03.526615,0.786875985043751,2.8658681856264754,0.10994939077777316,7,6,205,9.410422739674468,3.0114987121346597,0.8955575895375497,COMPLETE
43,0.9080370834794145,2025-10-16 23:42:18.143395,2025-10-16 23:42:21.465167,0 days 00:00:03.321772,0.7474358101385459,2.758940289700897,0.11558151213324039,7,6,199,9.542873268618994,3.077825672070336,0.8262701870565068,COMPLETE
44,0.9078401751921643,2025-10-16 23:42:21.491844,2025-10-16 23:42:24.975794,0 days 00:00:03.483950,0.7600231464648506,2.630077452671377,0.09408719042747435,8,5,181,9.944935959367816,5.5956652916938046,0.8177866295703453,COMPLETE
45,0.9078811061912131,2025-10-16 23:42:25.001233,2025-10-16 23:42:28.413248,0 days 00:00:03.412015,0.7074440674152277,2.3338641381643273,0.07322445509351248,7,1,170,8.25167244499951,3.752955887234021,0.8341356433766753,COMPLETE
46,0.9079779425412298,2025-10-16 23:42:28.437842,2025-10-16 23:42:32.489744,0 days 00:00:04.051902,0.7536879376855637,0.5170489071957973,0.11144088371895676,7,7,191,9.592608485687446,4.417841806050264,0.7883373576689018,COMPLETE
47,0.9077132029232177,2025-10-16 23:42:32.516494,2025-10-16 23:42:35.148794,0 days 00:00:02.632300,0.9731934582869515,2.8967636880360743,0.13655700183493413,6,4,142,8.658757309561143,2.999035233551721,0.8670728290092328,COMPLETE
48,0.9080071205616973,2025-10-16 23:42:35.174801,2025-10-16 23:42:38.510511,0 days 00:00:03.335710,0.6879992969376546,2.9629386872801904,0.15289873727931821,5,6,240,6.693207468650342,3.350607198137517,0.8224724968977442,COMPLETE
49,0.9074023996188558,2025-10-16 23:42:38.534498,2025-10-16 23:42:41.745483,0 days 00:00:03.210985,0.6757748830381745,4.055068021896845,0.1564006380329038,4,3,239,6.789378459455205,5.062669241579255,0.8235062227248766,COMPLETE
50,0.9078619340669414,2025-10-16 23:42:41.772634,2025-10-16 23:42:45.232881,0 days 00:00:03.460247,0.6586389004551222,2.427050901826062,0.12770923666857717,5,5,222,8.002738365017764,3.4734925266463117,0.7992145698253454,COMPLETE
51,0.9072323938290179,2025-10-16 23:42:45.260492,2025-10-16 23:42:48.682285,0 days 00:00:03.421793,0.7116306375171295,3.0151415042611056,0.06908799817752588,5,6,202,7.578317128798013,3.329347570263455,0.8489237307880318,COMPLETE
52,0.907813779641663,2025-10-16 23:42:48.706313,2025-10-16 23:42:52.033249,0 days 00:00:03.326936,0.6353139327462713,2.722902859834633,0.17842673450477364,6,6,239,9.504762514683144,2.519383751847203,0.8811167518496195,COMPLETE
53,0.9079453484045755,2025-10-16 23:42:52.058495,2025-10-16 23:42:55.316626,0 days 00:00:03.258131,0.739498764675286,2.035975206415598,0.09609302951984505,7,7,155,1.362658188418016,4.2184052355534085,0.797578812552107,COMPLETE
54,0.9080989578097018,2025-10-16 23:42:55.343565,2025-10-16 23:42:58.793454,0 days 00:00:03.449889,0.676146491740155,0.49227372224422594,0.1473915237634141,6,5,183,8.64422024814465,2.7415784170616173,0.8731379714117052,COMPLETE
55,0.9080399997318812,2025-10-16 23:42:58.819175,2025-10-16 23:43:02.931799,0 days 00:00:04.112624,0.6877095150664568,0.42679574507738294,0.1444783255799147,6,5,226,9.066670388165356,2.3395967229557266,0.8816579792684668,COMPLETE
56,0.9080009453122845,2025-10-16 23:43:02.955997,2025-10-16 23:43:06.971334,0 days 00:00:04.015337,0.683653413781064,0.7923599966137617,0.1472774790844705,6,5,228,9.025910414457178,2.274227805372888,0.8733793407340349,COMPLETE
57,0.9080018706426072,2025-10-16 23:43:06.998102,2025-10-16 23:43:11.393453,0 days 00:00:04.395351,0.6918405972176108,0.22833377084935463,0.1832199427050808,4,4,257,9.229926946665794,1.159897263486687,0.9329971050066891,COMPLETE
58,0.9077903991197378,2025-10-16 23:43:11.420813,2025-10-16 23:43:15.594408,0 days 00:00:04.173595,0.6278071120286335,0.07803817236998944,0.21389005620774024,5,3,243,9.740897001803855,1.7672489088041878,0.9008821737157582,COMPLETE
59,0.9080261360746661,2025-10-16 23:43:15.628056,2025-10-16 23:43:19.408616,0 days 00:00:03.780560,0.6719443835633234,0.7422063802921811,0.1565334564395773,6,4,183,6.490235781896435,2.67489937806345,0.8271461986188786,COMPLETE
60,0.9080661949585085,2025-10-16 23:43:19.432554,2025-10-16 23:43:22.833471,0 days 00:00:03.400917,0.6392581048883744,0.737357784563133,0.16093535344398838,6,4,182,6.402620514373776,2.7650004825682104,0.9149899796045687,COMPLETE
61,0.9081200539375806,2025-10-16 23:43:22.860709,2025-10-16 23:43:26.220879,0 days 00:00:03.360170,0.6420696191828182,0.7986807685204713,0.15982557550702203,6,2,181,6.433387578693806,0.6345058045213479,0.9194082154909623,COMPLETE
62,0.9082402779565264,2025-10-16 23:43:26.246289,2025-10-16 23:43:29.524613,0 days 00:00:03.278324,0.6468574367898037,0.42165175451060366,0.13358132732850836,6,2,173,5.30860037099848,0.5267346312591292,0.9191537442412077,COMPLETE
63,0.9073453090421625,2025-10-16 23:43:29.551834,2025-10-16 23:43:32.665505,0 days 00:00:03.113671,0.6007710846786257,0.4261344808612333,0.2112338011567365,6,2,155,4.400651972932527,0.36011793020883665,0.9177307731806121,COMPLETE
64,0.9082094094161229,2025-10-16 23:43:32.690138,2025-10-16 23:43:36.248765,0 days 00:00:03.558627,0.6234809486456983,1.1397041980988336,0.1670510107383278,6,2,141,5.371532174194119,0.736645290471613,0.9461250883036378,COMPLETE
65,0.9079847777699793,2025-10-16 23:43:36.279512,2025-10-16 23:43:39.035427,0 days 00:00:02.755915,0.640701635763898,1.1675717538528538,0.1677989607992344,6,2,95,5.247920755071488,0.6177900530211446,0.9392893909370489,COMPLETE
66,0.9080140791580871,2025-10-16 23:43:39.062913,2025-10-16 23:43:42.618294,0 days 00:00:03.555381,0.6189294808383893,0.8185048778917228,0.18142932281049656,6,2,129,6.190918497664237,1.3419587001699753,0.9447378813872072,COMPLETE
67,0.9080764007766158,2025-10-16 23:43:42.644870,2025-10-16 23:43:45.961907,0 days 00:00:03.317037,0.640260796135057,1.047040829877772,0.19822689587027043,5,1,139,5.371557628796003,0.7035158134385368,0.9061810103509765,COMPLETE
68,0.907845712512357,2025-10-16 23:43:45.986407,2025-10-16 23:43:48.776576,0 days 00:00:02.790169,0.6504774987664901,1.4811650635747595,0.19706254904212617,5,1,108,5.279274476394895,0.745907950463288,0.9159201625011301,COMPLETE
69,0.9079847771900391,2025-10-16 23:43:48.802379,2025-10-16 23:43:51.278933,0 days 00:00:02.476554,0.6456439191010769,1.0402216255014547,0.1745744053491059,5,1,140,4.42930289858644,0.31467957378320593,0.9583146073999198,COMPLETE
70,0.9077903219814525,2025-10-16 23:43:51.305208,2025-10-16 23:43:53.758958,0 days 00:00:02.453750,0.6203053249304326,0.5622783327955523,0.23678026946138178,6,2,129,5.584991380125164,1.1200476486359239,0.9858351753434204,COMPLETE
71,0.9081369291713635,2025-10-16 23:43:53.783566,2025-10-16 23:43:56.853048,0 days 00:00:03.069482,0.6050037243247941,0.8544738575905244,0.1608681679609533,6,3,172,5.946917642862832,0.5869348460524539,0.9260617847183843,COMPLETE
72,0.9081195582728677,2025-10-16 23:43:56.880502,2025-10-16 23:44:00.117522,0 days 00:00:03.237020,0.6006024932128395,0.8333632987281235,0.16307011227715595,6,3,172,6.009644854472706,0.46973163729786993,0.9031489618161284,COMPLETE
73,0.9077978150595776,2025-10-16 23:44:00.144367,2025-10-16 23:44:03.509859,0 days 00:00:03.365492,0.6048075333047499,0.6653407952421171,0.1880320925937226,6,3,174,5.917287217070526,0.5984427050412493,0.9059882792146035,COMPLETE
74,0.9080390782974197,2025-10-16 23:44:03.533582,2025-10-16 23:44:06.312047,0 days 00:00:02.778465,0.6295207420172929,0.8746749850353384,0.16304430318759663,5,3,163,4.753421335005085,0.0737556950909587,0.9290135498029773,COMPLETE
75,0.9073491413573522,2025-10-16 23:44:06.338387,2025-10-16 23:44:10.723840,0 days 00:00:04.385453,0.6696266638771595,0.16724687289054224,0.208221497680193,6,2,187,4.915430618667897,0.9605004622309001,0.9543618068957587,COMPLETE
76,0.9078886436725506,2025-10-16 23:44:10.749967,2025-10-16 23:44:13.416169,0 days 00:00:02.666202,0.6135824660257005,1.6994278494715775,0.13434321494004173,5,3,150,5.324338985116387,0.4325345480629981,0.967064884396302,COMPLETE
77,0.9079001503583607,2025-10-16 23:44:13.440255,2025-10-16 23:44:16.563034,0 days 00:00:03.122779,0.6642053313735553,1.0703650410222108,0.16149065760546355,6,1,173,3.7234979449227232,1.5290998988202515,0.8912687098699442,COMPLETE
78,0.9081017625247292,2025-10-16 23:44:16.587938,2025-10-16 23:44:19.849322,0 days 00:00:03.261384,0.6272246131896984,0.6240844665292296,0.17019961004237155,6,2,160,6.148224343157799,1.2897506226025675,0.9436071218535721,COMPLETE
79,0.9080395362231201,2025-10-16 23:44:19.875739,2025-10-16 23:44:22.610045,0 days 00:00:02.734306,0.6266320062767836,1.2652440685821655,0.17096384884798477,5,2,164,6.1376104227014325,0.9302978321809898,0.939170873027459,COMPLETE
80,0.9062219489854042,2025-10-16 23:44:22.635000,2025-10-16 23:44:26.583235,0 days 00:00:03.948235,0.6554915170824508,0.36418095478125245,0.1992749957751272,10,2,137,5.877126418575949,1.296609785437604,0.9819751059582994,COMPLETE
81,0.9082044641459553,2025-10-16 23:44:26.609821,2025-10-16 23:44:30.101565,0 days 00:00:03.491744,0.6403376174211103,0.5997247730197593,0.1526939879712843,6,1,157,6.432980918879343,0.6791090922736767,0.9239897649741129,COMPLETE
82,0.9081155787953333,2025-10-16 23:44:30.128035,2025-10-16 23:44:33.332755,0 days 00:00:03.204720,0.6094890137020599,0.580160411437966,0.15182541721529214,6,1,156,5.4594385522782565,0.6091858516614441,0.9265151192574509,COMPLETE
83,0.908118047489841,2025-10-16 23:44:33.356971,2025-10-16 23:44:36.326701,0 days 00:00:02.969730,0.6087236466914807,0.5933343733128893,0.14986098847644055,6,1,158,5.59421675923377,0.0025713981655423046,0.9246777068557089,COMPLETE
84,0.9081783561755217,2025-10-16 23:44:36.351143,2025-10-16 23:44:39.385938,0 days 00:00:03.034795,0.6116281794328784,0.6335344397067002,0.12991997929417753,6,1,157,5.592800285280477,0.12264804237403737,0.9240997887990118,COMPLETE
85,0.9081000706315532,2025-10-16 23:44:39.412957,2025-10-16 23:44:42.262899,0 days 00:00:02.849942,0.6080631041197317,0.9173384759362924,0.13182362534976064,6,1,149,5.553079616326961,0.21833957940631651,0.9222301698316409,COMPLETE
86,0.9080482176183402,2025-10-16 23:44:42.288399,2025-10-16 23:44:45.041361,0 days 00:00:02.752962,0.6157376457814541,0.30885421947149405,0.12149929904109069,7,1,120,4.592637857284018,0.5456155349176752,0.9995207284717836,COMPLETE
87,0.9082906518478285,2025-10-16 23:44:45.065288,2025-10-16 23:44:48.224838,0 days 00:00:03.159550,0.6006801837559709,0.1754822758454937,0.15101273350000216,6,1,171,5.716699624154716,0.04485705503804216,0.9524293938354377,COMPLETE
88,0.9078414336906135,2025-10-16 23:44:48.250384,2025-10-16 23:44:51.812455,0 days 00:00:03.562071,0.6002853453008186,0.2128737620441833,0.14065450684362862,7,1,170,4.990225794532561,0.21715911091481757,0.9511204300085175,COMPLETE
89,0.9077613638888711,2025-10-16 23:44:51.839214,2025-10-16 23:44:54.944581,0 days 00:00:03.105367,0.6217556278797629,0.17147502958644267,0.12585245763336905,6,2,145,6.667681215749652,0.057319022649709096,0.6026441179507966,COMPLETE
90,0.9081457414249418,2025-10-16 23:44:54.968100,2025-10-16 23:44:57.874122,0 days 00:00:02.906022,0.634757977398008,0.8704958009629551,0.15321303655645319,6,1,167,5.7614822734592535,0.8522142625702382,0.9637664782352696,COMPLETE
91,0.9080129723562834,2025-10-16 23:44:57.900038,2025-10-16 23:45:01.055230,0 days 00:00:03.155192,0.6493018305156225,0.8760401000188561,0.1541622474129035,6,1,176,5.777303797769133,0.9020305402515645,0.9633483400954876,COMPLETE
92,0.9081040586534781,2025-10-16 23:45:01.081723,2025-10-16 23:45:03.962853,0 days 00:00:02.881130,0.6332674651797413,1.1662979701161655,0.14890382252633308,6,1,169,6.026718563893558,0.4145390773353722,0.9744694431224795,COMPLETE
93,0.9082652512742515,2025-10-16 23:45:03.986722,2025-10-16 23:45:06.965671,0 days 00:00:02.978949,0.6113182592443117,0.6427812881781133,0.13959252581442788,6,2,157,6.41231370731433,0.019294406646149634,0.9291078413548923,COMPLETE
